<?xml version="1.0" encoding="UTF-8"?>
<!-- Generated by org.testng.reporters.JUnitReportReporter -->
<testsuite skipped="0" hostname="Harithas-MacBook-Air.local" name="scripts.GoogleTest" tests="1" failures="0" timestamp="07 Aug 2019 22:20:23 GMT" time="7.869" errors="0">
  <testcase name="New2" time="7.869" classname="scripts.GoogleTest"/>
</testsuite> <!-- scripts.GoogleTest -->
