<?xml version="1.0" encoding="UTF-8"?>
<!-- Generated by org.testng.reporters.JUnitReportReporter -->
<testsuite hostname="Harithas-MacBook-Air.local" failures="0" tests="1" name="scripts.TestCase1" time="4.515" errors="0" timestamp="12 Mar 2019 07:17:31 GMT" skipped="0">
  <testcase classname="scripts.TestCase1" name="WikiTest" time="4.515"/>
</testsuite> <!-- scripts.TestCase1 -->
