<?xml version="1.0" encoding="UTF-8"?>
<!-- Generated by org.testng.reporters.JUnitReportReporter -->
<testsuite skipped="0" hostname="Harithas-MacBook-Air.local" name="scripts.WikiTest" tests="1" failures="0" timestamp="08 Aug 2019 13:17:07 GMT" time="5.160" errors="0">
  <testcase name="New1" time="5.160" classname="scripts.WikiTest"/>
</testsuite> <!-- scripts.WikiTest -->
