<?xml version="1.0" encoding="UTF-8"?>
<!-- Generated by org.testng.reporters.JUnitReportReporter -->
<testsuite skipped="0" hostname="Harithas-MacBook-Air.local" name="scripts.GoogleTest" tests="1" failures="0" timestamp="08 Aug 2019 13:15:48 GMT" time="9.288" errors="0">
  <testcase name="New2" time="9.288" classname="scripts.GoogleTest"/>
</testsuite> <!-- scripts.GoogleTest -->
