<?xml version="1.0" encoding="UTF-8"?>
<!-- Generated by org.testng.reporters.JUnitReportReporter -->
<testsuite skipped="0" hostname="Harithas-MacBook-Air.local" name="scripts.GoogleTest" tests="1" failures="0" timestamp="07 Aug 2019 22:21:04 GMT" time="5.922" errors="0">
  <testcase name="New2" time="5.922" classname="scripts.GoogleTest"/>
</testsuite> <!-- scripts.GoogleTest -->
